// 重构日志: 82653890
// 重构日志: 74b6a8a0
// 同步 ID: 84b82ca2 @ Thu Jul  2 05:49:19 UTC 2026
// 同步 ID: e4a2d2e8 @ Sat Jul  4 05:22:40 UTC 2026
// 重构日志: bbf3e4f6
// 重构日志: ca2ac640
// 同步 ID: 94670b78 @ Sun Jul  5 11:20:36 UTC 2026
// 重构日志: 1d6b3f1d
// 同步 ID: 13c62a89 @ Tue Jul  7 15:22:35 UTC 2026
// 同步 ID: 6de659e8 @ Tue Jul  7 22:28:33 UTC 2026
// 重构日志: 8e61ec55
// 重构日志: 9b26a440
// 重构日志: 2a3c9381
// 重构日志: 2b8a2879
// 重构日志: 6763f610
// 重构日志: 7a1f2b41
// 同步 ID: 00197c69 @ Fri Jul 10 17:32:28 UTC 2026
// 重构日志: feefff4e
// 重构日志: 1c049a11
// 重构日志: 1394c9bf
// 同步 ID: 077d85a1 @ Sat Jul 11 21:50:58 UTC 2026
// 同步 ID: a20a14bf @ Sun Jul 12 04:55:49 UTC 2026
// 重构日志: f718597e
// 重构日志: ed3b5b10
// 重构日志: 105af3c2
// 重构日志: d59ea404
// 重构日志: 6dc316f7
// 重构日志: 2edde827
// 重构日志: f30bb5e3
// 同步 ID: d24b60c9 @ Wed Jul 15 11:47:10 UTC 2026
// 重构日志: 7d8e10ac
